14:06:35   【量程和磁场传感器类型】FF AA 27 20 00 
14:06:35   【量程和磁场传感器类型】FF AA 27 61 00 
14:06:35   【量程和磁场传感器类型】FF AA 27 72 00 
14:06:36   【量程和磁场传感器类型】FF AA 27 2E 00 
14:06:40   【量程和磁场传感器类型】FF AA 27 20 00 
14:06:40   【量程和磁场传感器类型】FF AA 27 61 00 
14:06:40   【量程和磁场传感器类型】FF AA 27 72 00 
14:06:40   【量程和磁场传感器类型】FF AA 27 2E 00 
14:06:45   【读取配置信息】FF AA 27 01 00 
14:06:45   【读取配置信息】FF AA 27 0E 00 
14:06:45   【读取配置信息】FF AA 27 12 00 
14:06:46   【读取配置信息】FF AA 27 16 00 
14:06:46   【读取配置信息】FF AA 27 1A 00 
14:06:46   【读取配置信息】FF AA 27 1F 00 
14:06:46   【读取配置信息】FF AA 27 23 00 
14:06:46   【读取配置信息】FF AA 27 2D 00 
14:06:46   【读取配置信息】FF AA 27 61 00 
14:06:46   【读取配置信息】FF AA 27 69 00 
14:06:46   【读取配置信息】FF AA 27 6E 00 
14:06:46   【读取配置信息】FF AA 27 75 00 
14:06:46   【读取配置信息】FF AA 27 7F 00 
14:06:46   【读取配置信息】FF AA 27 83 00 
14:11:46   【读取配置信息】FF AA 27 01 00 
14:11:46   【读取配置信息】FF AA 27 01 00 
14:11:46   【读取配置信息】FF AA 27 01 00 
14:11:46   【读取配置信息】FF AA 27 01 00 
14:11:46   【读取配置信息】FF AA 27 01 00 
14:11:46   【读取配置信息】FF AA 27 0E 00 
14:11:46   【读取配置信息】FF AA 27 0E 00 
14:11:46   【读取配置信息】FF AA 27 0E 00 
14:11:46   【读取配置信息】FF AA 27 0E 00 
14:11:46   【读取配置信息】FF AA 27 0E 00 
14:11:46   【读取配置信息】FF AA 27 12 00 
14:11:46   【读取配置信息】FF AA 27 12 00 
14:11:46   【读取配置信息】FF AA 27 12 00 
14:11:46   【读取配置信息】FF AA 27 12 00 
14:11:46   【读取配置信息】FF AA 27 12 00 
14:11:46   【读取配置信息】FF AA 27 16 00 
14:11:46   【读取配置信息】FF AA 27 16 00 
14:11:46   【读取配置信息】FF AA 27 16 00 
14:11:46   【读取配置信息】FF AA 27 16 00 
14:11:46   【读取配置信息】FF AA 27 16 00 
14:11:46   【读取配置信息】FF AA 27 1A 00 
14:11:46   【读取配置信息】FF AA 27 1A 00 
14:11:46   【读取配置信息】FF AA 27 1A 00 
14:11:46   【读取配置信息】FF AA 27 1A 00 
14:11:46   【读取配置信息】FF AA 27 1A 00 
14:11:46   【读取配置信息】FF AA 27 1F 00 
14:11:46   【读取配置信息】FF AA 27 1F 00 
14:11:46   【读取配置信息】FF AA 27 1F 00 
14:11:46   【读取配置信息】FF AA 27 1F 00 
14:11:46   【读取配置信息】FF AA 27 1F 00 
14:11:46   【读取配置信息】FF AA 27 23 00 
14:11:46   【读取配置信息】FF AA 27 23 00 
14:11:46   【读取配置信息】FF AA 27 23 00 
14:11:46   【读取配置信息】FF AA 27 23 00 
14:11:46   【读取配置信息】FF AA 27 23 00 
14:11:46   【读取配置信息】FF AA 27 2D 00 
14:11:46   【读取配置信息】FF AA 27 2D 00 
14:11:46   【读取配置信息】FF AA 27 2D 00 
14:11:46   【读取配置信息】FF AA 27 2D 00 
14:11:46   【读取配置信息】FF AA 27 2D 00 
14:11:46   【读取配置信息】FF AA 27 61 00 
14:11:46   【读取配置信息】FF AA 27 61 00 
14:11:46   【读取配置信息】FF AA 27 61 00 
14:11:46   【读取配置信息】FF AA 27 61 00 
14:11:46   【读取配置信息】FF AA 27 61 00 
14:11:46   【读取配置信息】FF AA 27 69 00 
14:11:46   【读取配置信息】FF AA 27 69 00 
14:11:46   【读取配置信息】FF AA 27 69 00 
14:11:46   【读取配置信息】FF AA 27 69 00 
14:11:46   【读取配置信息】FF AA 27 69 00 
14:11:46   【读取配置信息】FF AA 27 6E 00 
14:11:46   【读取配置信息】FF AA 27 6E 00 
14:11:46   【读取配置信息】FF AA 27 6E 00 
14:11:46   【读取配置信息】FF AA 27 6E 00 
14:11:46   【读取配置信息】FF AA 27 6E 00 
14:11:46   【读取配置信息】FF AA 27 75 00 
14:11:46   【读取配置信息】FF AA 27 75 00 
14:11:46   【读取配置信息】FF AA 27 75 00 
14:11:46   【读取配置信息】FF AA 27 75 00 
14:11:46   【读取配置信息】FF AA 27 75 00 
14:11:46   【读取配置信息】FF AA 27 7F 00 
14:11:46   【读取配置信息】FF AA 27 7F 00 
14:11:46   【读取配置信息】FF AA 27 7F 00 
14:11:46   【读取配置信息】FF AA 27 7F 00 
14:11:46   【读取配置信息】FF AA 27 7F 00 
14:11:46   【读取配置信息】FF AA 27 83 00 
14:11:46   【读取配置信息】FF AA 27 83 00 
14:11:46   【读取配置信息】FF AA 27 83 00 
14:11:46   【读取配置信息】FF AA 27 83 00 
14:11:46   【读取配置信息】FF AA 27 83 00 
14:14:25   【量程和磁场传感器类型】FF AA 27 20 00 
14:14:25   【量程和磁场传感器类型】FF AA 27 61 00 
14:14:25   【量程和磁场传感器类型】FF AA 27 72 00 
14:14:26   【量程和磁场传感器类型】FF AA 27 2E 00 
14:14:30   【读取配置信息】FF AA 27 01 00 
14:14:30   【读取配置信息】FF AA 27 0E 00 
14:14:30   【读取配置信息】FF AA 27 12 00 
14:14:31   【读取配置信息】FF AA 27 16 00 
14:14:31   【读取配置信息】FF AA 27 1A 00 
14:14:31   【读取配置信息】FF AA 27 1F 00 
14:14:31   【读取配置信息】FF AA 27 23 00 
14:14:31   【读取配置信息】FF AA 27 2D 00 
14:14:31   【读取配置信息】FF AA 27 61 00 
14:14:31   【读取配置信息】FF AA 27 69 00 
14:14:31   【读取配置信息】FF AA 27 6E 00 
14:14:31   【读取配置信息】FF AA 27 75 00 
14:14:31   【读取配置信息】FF AA 27 7F 00 
14:14:32   【读取配置信息】FF AA 27 83 00 
14:21:30   【读取配置信息】FF AA 27 01 00 
14:21:30   【读取配置信息】FF AA 27 0E 00 
14:21:30   【读取配置信息】FF AA 27 12 00 
14:21:30   【读取配置信息】FF AA 27 16 00 
14:21:30   【读取配置信息】FF AA 27 1A 00 
14:21:30   【读取配置信息】FF AA 27 1F 00 
14:21:30   【读取配置信息】FF AA 27 23 00 
14:21:30   【读取配置信息】FF AA 27 2D 00 
14:21:30   【读取配置信息】FF AA 27 61 00 
14:21:30   【读取配置信息】FF AA 27 69 00 
14:21:31   【读取配置信息】FF AA 27 6E 00 
14:21:31   【读取配置信息】FF AA 27 75 00 
14:21:31   【读取配置信息】FF AA 27 7F 00 
14:21:31   【读取配置信息】FF AA 27 83 00 
14:51:15   【读取配置信息】FF AA 27 01 00 
14:51:15   【读取配置信息】FF AA 27 0E 00 
14:51:15   【读取配置信息】FF AA 27 12 00 
14:51:15   【读取配置信息】FF AA 27 16 00 
14:51:15   【读取配置信息】FF AA 27 1A 00 
14:51:15   【读取配置信息】FF AA 27 1F 00 
14:51:15   【读取配置信息】FF AA 27 23 00 
14:51:15   【读取配置信息】FF AA 27 2D 00 
14:51:15   【读取配置信息】FF AA 27 61 00 
14:51:16   【读取配置信息】FF AA 27 69 00 
14:51:16   【读取配置信息】FF AA 27 6E 00 
14:51:16   【读取配置信息】FF AA 27 75 00 
14:51:16   【读取配置信息】FF AA 27 7F 00 
14:51:16   【读取配置信息】FF AA 27 83 00 
14:51:57   【设置解锁】FF AA 69 88 B5 
14:51:57   【设置带宽】FF AA 1F 04 00 
14:51:57   【设置解锁】FF AA 69 88 B5 
14:51:58   【设置保存】FF AA 00 00 00 
14:54:53   【读取报警配置】FF AA 27 59 00 
14:54:54   【读取报警配置】FF AA 27 5E 00 
14:54:54   【读取报警配置】FF AA 27 62 00 
14:54:54   【读取报警配置】FF AA 27 65 00 
14:54:54   【读取报警配置】FF AA 27 5D 00 
14:54:54   【读取报警配置】FF AA 27 69 00 
15:27:58   【读取配置信息】FF AA 27 01 00 
15:27:58   【读取配置信息】FF AA 27 0E 00 
15:27:58   【读取配置信息】FF AA 27 12 00 
15:27:58   【读取配置信息】FF AA 27 16 00 
15:27:58   【读取配置信息】FF AA 27 1A 00 
15:27:59   【读取配置信息】FF AA 27 1F 00 
15:27:59   【读取配置信息】FF AA 27 23 00 
15:27:59   【读取配置信息】FF AA 27 2D 00 
15:27:59   【读取配置信息】FF AA 27 61 00 
15:27:59   【读取配置信息】FF AA 27 69 00 
15:27:59   【读取配置信息】FF AA 27 6E 00 
15:27:59   【读取配置信息】FF AA 27 75 00 
15:27:59   【读取配置信息】FF AA 27 7F 00 
15:27:59   【读取配置信息】FF AA 27 83 00 
15:31:45   【设置解锁】FF AA 69 88 B5 
15:31:45   【设置回传速率】FF AA 03 06 00 
15:31:45   【设置解锁】FF AA 69 88 B5 
15:31:45   【设置保存】FF AA 00 00 00 
15:32:21   【读取配置信息】FF AA 27 01 00 
15:32:21   【读取配置信息】FF AA 27 0E 00 
15:32:21   【读取配置信息】FF AA 27 12 00 
15:32:21   【读取配置信息】FF AA 27 16 00 
15:32:21   【读取配置信息】FF AA 27 1A 00 
15:32:21   【读取配置信息】FF AA 27 1F 00 
15:32:21   【读取配置信息】FF AA 27 23 00 
15:32:21   【读取配置信息】FF AA 27 2D 00 
15:32:21   【读取配置信息】FF AA 27 61 00 
15:32:21   【读取配置信息】FF AA 27 69 00 
15:32:22   【读取配置信息】FF AA 27 6E 00 
15:32:22   【读取配置信息】FF AA 27 75 00 
15:32:22   【读取配置信息】FF AA 27 7F 00 
15:32:22   【读取配置信息】FF AA 27 83 00 
15:32:28   【设置解锁】FF AA 69 88 B5 
15:32:29   【设置回传速率】FF AA 03 06 00 
15:32:29   【设置解锁】FF AA 69 88 B5 
15:32:29   【设置保存】FF AA 00 00 00 
15:32:42   【设置解锁】FF AA 69 88 B5 
15:32:42   【设置回传速率】FF AA 03 06 00 
15:32:42   【设置解锁】FF AA 69 88 B5 
15:32:42   【设置保存】FF AA 00 00 00 
15:32:45   【设置解锁】FF AA 69 88 B5 
15:32:46   【设置回传速率】FF AA 03 06 00 
15:32:46   【设置解锁】FF AA 69 88 B5 
15:32:46   【设置保存】FF AA 00 00 00 
15:32:50   【设置解锁】FF AA 69 88 B5 
15:32:50   【设置回传速率】FF AA 03 06 00 
15:32:50   【设置解锁】FF AA 69 88 B5 
15:32:51   【设置保存】FF AA 00 00 00 
15:40:39   【设置解锁】FF AA 69 88 B5 
15:40:40   【设置带宽】FF AA 1F 05 00 
15:40:40   【设置解锁】FF AA 69 88 B5 
15:40:40   【设置保存】FF AA 00 00 00 
15:41:55   【读取配置信息】FF AA 27 01 00 
15:41:55   【读取配置信息】FF AA 27 0E 00 
15:41:55   【读取配置信息】FF AA 27 12 00 
15:41:55   【读取配置信息】FF AA 27 16 00 
15:41:56   【读取配置信息】FF AA 27 1A 00 
15:41:56   【读取配置信息】FF AA 27 1F 00 
15:41:56   【读取配置信息】FF AA 27 23 00 
15:41:56   【读取配置信息】FF AA 27 2D 00 
15:41:56   【读取配置信息】FF AA 27 61 00 
15:41:56   【读取配置信息】FF AA 27 69 00 
15:41:56   【读取配置信息】FF AA 27 6E 00 
15:41:56   【读取配置信息】FF AA 27 75 00 
15:41:56   【读取配置信息】FF AA 27 7F 00 
15:41:56   【读取配置信息】FF AA 27 83 00 
